2024-10-30 23:49:36.679 [info] [main] Log level: Info
2024-10-30 23:49:36.679 [info] [main] Validating found git in: "git"
2024-10-30 23:49:36.679 [info] [main] Using git "2.47.0" from "git"
2024-10-30 23:49:36.679 [info] [Model][doInitialScan] Initial repository scan started
2024-10-30 23:49:36.679 [info] > git rev-parse --show-toplevel [13ms]
2024-10-30 23:49:36.679 [info] fatal: not a git repository (or any of the parent directories): .git
2024-10-30 23:49:36.680 [info] > git rev-parse --show-toplevel [8ms]
2024-10-30 23:49:36.680 [info] fatal: not a git repository (or any of the parent directories): .git
2024-10-30 23:49:36.680 [info] [Model][doInitialScan] Initial repository scan completed - repositories (0), closed repositories (0), parent repositories (0), unsafe repositories (0)
2024-10-30 23:49:36.881 [info] > git rev-parse --show-toplevel [4ms]
2024-10-30 23:49:36.881 [info] fatal: not a git repository (or any of the parent directories): .git
2024-10-30 23:49:36.901 [info] > git rev-parse --show-toplevel [2ms]
2024-10-30 23:49:36.901 [info] fatal: not a git repository (or any of the parent directories): .git
2024-10-30 23:49:37.006 [info] > git rev-parse --show-toplevel [1ms]
2024-10-30 23:49:37.006 [info] fatal: not a git repository (or any of the parent directories): .git
2024-10-30 23:50:45.702 [info] > git rev-parse --show-toplevel [2ms]
2024-10-30 23:50:45.702 [info] fatal: not a git repository (or any of the parent directories): .git
2024-10-31 00:29:07.095 [info] > git rev-parse --show-toplevel [3ms]
2024-10-31 00:29:07.095 [info] fatal: not a git repository (or any of the parent directories): .git
2024-10-31 00:32:48.070 [info] > git rev-parse --show-toplevel [1ms]
2024-10-31 00:32:48.070 [info] fatal: not a git repository (or any of the parent directories): .git
