2024-10-16 09:10:50.210 [info] Extension host with pid 74542 started
2024-10-16 09:10:50.210 [info] Skipping acquiring lock for /home/distro/.config/Code/User/workspaceStorage/c78de6dcdec1764d3d519baaaea9e750.
2024-10-16 09:10:50.450 [info] ExtensionService#_doActivateExtension vscode.emmet, startup: false, activationEvent: 'onLanguage'
2024-10-16 09:10:50.483 [info] ExtensionService#_doActivateExtension REditorSupport.r, startup: false, activationEvent: 'onLanguage:r'
2024-10-16 09:10:50.924 [info] ExtensionService#_doActivateExtension vscode.git-base, startup: true, activationEvent: '*', root cause: vscode.git
2024-10-16 09:10:51.103 [info] ExtensionService#_doActivateExtension vscode.git, startup: true, activationEvent: '*'
2024-10-16 09:10:51.288 [info] ExtensionService#_doActivateExtension vscode.github, startup: true, activationEvent: '*'
2024-10-16 09:10:51.474 [info] Eager extensions activated
2024-10-16 09:10:51.510 [info] ExtensionService#_doActivateExtension vscode.debug-auto-launch, startup: false, activationEvent: 'onStartupFinished'
2024-10-16 09:10:51.513 [info] ExtensionService#_doActivateExtension vscode.merge-conflict, startup: false, activationEvent: 'onStartupFinished'
2024-10-16 09:10:52.374 [error] Error: Client is not running and can't be stopped. It's current state is: starting
	at b.shutdown (/home/distro/.vscode/extensions/reditorsupport.r-2.8.4/dist/extension.js:2:541057)
	at b.stop (/home/distro/.vscode/extensions/reditorsupport.r-2.8.4/dist/extension.js:2:540638)
	at b.stop (/home/distro/.vscode/extensions/reditorsupport.r-2.8.4/dist/extension.js:2:707036)
	at ChildProcess.<anonymous> (/home/distro/.vscode/extensions/reditorsupport.r-2.8.4/dist/extension.js:2:348078)
	at ChildProcess.emit (node:events:531:35)
	at ChildProcess._handle.onexit (node:internal/child_process:294:12)
2024-10-16 09:11:00.562 [info] ExtensionService#_doActivateExtension vscode.npm, startup: false, activationEvent: 'onTerminalQuickFixRequest:ms-vscode.npm-command'
2024-10-16 09:25:46.047 [info] Extension host terminating: renderer closed the MessagePort
2024-10-16 09:25:46.066 [info] Extension host with pid 74542 exiting with code 0
