2024-10-30 23:49:35.208 [info] Extension host with pid 52729 started
2024-10-30 23:49:35.208 [info] Skipping acquiring lock for /home/distro/.config/Code - OSS/User/workspaceStorage/c78de6dcdec1764d3d519baaaea9e750.
2024-10-30 23:49:35.430 [info] ExtensionService#_doActivateExtension vscode.emmet, startup: false, activationEvent: 'onLanguage'
2024-10-30 23:49:35.461 [info] ExtensionService#_doActivateExtension REditorSupport.r, startup: false, activationEvent: 'onLanguage:r'
2024-10-30 23:49:36.084 [info] ExtensionService#_doActivateExtension vscode.git-base, startup: true, activationEvent: '*', root cause: vscode.git
2024-10-30 23:49:36.108 [info] ExtensionService#_doActivateExtension vscode.git, startup: true, activationEvent: '*'
2024-10-30 23:49:36.310 [info] ExtensionService#_doActivateExtension vscode.github, startup: true, activationEvent: '*'
2024-10-30 23:49:36.509 [info] Eager extensions activated
2024-10-30 23:49:36.579 [info] ExtensionService#_doActivateExtension vscode.debug-auto-launch, startup: false, activationEvent: 'onStartupFinished'
2024-10-30 23:49:36.585 [info] ExtensionService#_doActivateExtension vscode.merge-conflict, startup: false, activationEvent: 'onStartupFinished'
2024-10-30 23:49:37.679 [error] Error: Client is not running and can't be stopped. It's current state is: starting
	at b.shutdown (/home/distro/.vscode-oss/extensions/reditorsupport.r-2.8.4-universal/dist/extension.js:2:541057)
	at b.stop (/home/distro/.vscode-oss/extensions/reditorsupport.r-2.8.4-universal/dist/extension.js:2:540638)
	at b.stop (/home/distro/.vscode-oss/extensions/reditorsupport.r-2.8.4-universal/dist/extension.js:2:707036)
	at ChildProcess.<anonymous> (/home/distro/.vscode-oss/extensions/reditorsupport.r-2.8.4-universal/dist/extension.js:2:348078)
	at ChildProcess.emit (node:events:531:35)
	at ChildProcess._handle.onexit (node:internal/child_process:294:12)
2024-10-31 00:27:27.412 [info] ExtensionService#_doActivateExtension vscode.ipynb, startup: false, activationEvent: 'onNotebookSerializer:jupyter-notebook'
2024-10-31 00:29:07.249 [info] ExtensionService#_doActivateExtension ms-toolsai.vscode-jupyter-cell-tags, startup: false, activationEvent: 'onNotebook:jupyter-notebook'
2024-10-31 00:29:07.253 [info] ExtensionService#_doActivateExtension ms-toolsai.vscode-jupyter-slideshow, startup: false, activationEvent: 'onNotebook:jupyter-notebook'
2024-10-31 00:29:07.257 [info] ExtensionService#_doActivateExtension ms-toolsai.jupyter, startup: false, activationEvent: 'onLanguage:python'
2024-10-31 00:32:48.315 [info] ExtensionService#_doActivateExtension ms-python.python, startup: false, activationEvent: 'api', root cause: ms-toolsai.jupyter
2024-10-31 00:32:48.738 [error] Error: spawn /home/distro/.vscode-oss/extensions/ms-python.python-2024.16.1-universal/python-env-tools/bin/pet ENOENT
	at ChildProcess._handle.onexit (node:internal/child_process:286:19)
	at onErrorNT (node:internal/child_process:484:16)
	at process.processTicksAndRejections (node:internal/process/task_queues:82:21)
2024-10-31 00:32:48.849 [info] ExtensionService#_doActivateExtension ms-python.debugpy, startup: false, activationEvent: 'onLanguage:python'
2024-10-31 00:32:48.943 [error] Activating extension ms-python.debugpy failed due to an error:
2024-10-31 00:32:48.943 [error] Error: Extension 'ms-python.debugpy' CANNOT use API proposal: portsAttributes.
Its package.json#enabledApiProposals-property declares:  but NOT portsAttributes.
 The missing proposal MUST be added and you must start in extension development mode or use the following command line switch: --enable-proposed-api ms-python.debugpy
	at H (file:///usr/lib/code/out/vs/workbench/api/node/extensionHostProcess.js:112:16479)
	at Object.registerPortAttributesProvider (file:///usr/lib/code/out/vs/workbench/api/node/extensionHostProcess.js:156:55383)
	at t.registerDebugger (/home/distro/.vscode-oss/extensions/ms-python.debugpy-2024.12.0-linux-x64/dist/extension.js:2:907336)
	at e.activate (/home/distro/.vscode-oss/extensions/ms-python.debugpy-2024.12.0-linux-x64/dist/extension.js:2:1156364)
	at Y0.kb (file:///usr/lib/code/out/vs/workbench/api/node/extensionHostProcess.js:118:15217)
	at Y0.jb (file:///usr/lib/code/out/vs/workbench/api/node/extensionHostProcess.js:118:14924)
	at file:///usr/lib/code/out/vs/workbench/api/node/extensionHostProcess.js:118:13082
	at async x0.n (file:///usr/lib/code/out/vs/workbench/api/node/extensionHostProcess.js:114:4450)
	at async x0.m (file:///usr/lib/code/out/vs/workbench/api/node/extensionHostProcess.js:114:4413)
	at async x0.l (file:///usr/lib/code/out/vs/workbench/api/node/extensionHostProcess.js:114:3869)
2024-10-31 00:32:50.215 [error] Error: Extension 'ms-python.python' CANNOT use API proposal: testObserver.
Its package.json#enabledApiProposals-property declares:  but NOT testObserver.
 The missing proposal MUST be added and you must start in extension development mode or use the following command line switch: --enable-proposed-api ms-python.python
	at H (file:///usr/lib/code/out/vs/workbench/api/node/extensionHostProcess.js:112:16479)
	at get testResults (file:///usr/lib/code/out/vs/workbench/api/node/extensionHostProcess.js:156:39221)
	at C.activate (/home/distro/.vscode-oss/extensions/ms-python.python-2024.16.1-universal/out/client/extension.js:2:947691)
	at /home/distro/.vscode-oss/extensions/ms-python.python-2024.16.1-universal/out/client/extension.js:2:2457
	at Array.map (<anonymous>)
	at v.activateWorkspace (/home/distro/.vscode-oss/extensions/ms-python.python-2024.16.1-universal/out/client/extension.js:2:2447)
