2024-10-20 02:56:58 Loading main app package /usr/lib/obsidian/obsidian.asar
2024-10-20 02:56:59 Checking for update using Github
2024-10-20 02:56:59 Success.
2024-10-20 02:56:59 Latest version is 1.7.4
2024-10-20 02:56:59 App is up to date.
2024-10-21 01:54:21 Loading main app package /usr/lib/obsidian/obsidian.asar
2024-10-21 01:54:21 Checking for update using Github
2024-10-21 01:54:22 Success.
2024-10-21 01:54:22 Latest version is 1.7.4
2024-10-21 01:54:22 App is up to date.
2024-10-21 01:59:38 Loading main app package /usr/lib/obsidian/obsidian.asar
2024-10-21 01:59:39 Checking for update using Github
2024-10-21 01:59:39 Success.
2024-10-21 01:59:39 Latest version is 1.7.4
2024-10-21 01:59:39 App is up to date.
2024-10-21 02:01:51 Loading main app package /usr/lib/obsidian/obsidian.asar
2024-10-21 02:01:52 Checking for update using Github
2024-10-21 02:01:52 Success.
2024-10-21 02:01:52 Latest version is 1.7.4
2024-10-21 02:01:52 App is up to date.
2024-10-21 02:02:43 Loading main app package /usr/lib/obsidian/obsidian.asar
2024-10-21 02:02:43 Checking for update using Github
2024-10-21 02:02:43 Success.
2024-10-21 02:02:43 Latest version is 1.7.4
2024-10-21 02:02:43 App is up to date.
2024-10-25 23:15:19 Loading main app package /usr/lib/obsidian/obsidian.asar
2024-10-25 23:15:19 Checking for update using Github
2024-10-25 23:15:21 Success.
2024-10-25 23:15:21 Latest version is 1.7.4
2024-10-25 23:15:21 App is up to date.
2024-10-25 23:20:14 Loading main app package /usr/lib/obsidian/obsidian.asar
2024-10-25 23:20:14 Checking for update using Github
2024-10-25 23:20:16 Success.
2024-10-25 23:20:16 Latest version is 1.7.4
2024-10-25 23:20:16 App is up to date.
2024-10-26 00:20:14 Checking for update using Github
2024-10-26 00:20:16 Success.
2024-10-26 00:20:16 Latest version is 1.7.4
2024-10-26 00:20:16 App is up to date.
2024-10-26 01:42:47 Loading main app package /usr/lib/obsidian/obsidian.asar
2024-10-26 01:42:47 Checking for update using Github
2024-10-26 01:42:47 Failed to check for update using Github (net::ERR_INTERNET_DISCONNECTED)
2024-10-26 01:42:47 Checking for update using obsidian.md
2024-10-26 01:42:47 Failed to check for update using obsidian.md (net::ERR_INTERNET_DISCONNECTED)
2024-10-26 02:42:47 Checking for update using Github
2024-10-26 02:42:47 Success.
2024-10-26 02:42:47 Latest version is 1.7.4
2024-10-26 02:42:47 App is up to date.
2024-10-26 03:42:47 Checking for update using Github
2024-10-26 03:42:47 Success.
2024-10-26 03:42:47 Latest version is 1.7.4
2024-10-26 03:42:47 App is up to date.
2024-10-26 04:42:47 Checking for update using Github
2024-10-26 04:42:47 Failed to check for update using Github (net::ERR_INTERNET_DISCONNECTED)
2024-10-26 04:42:47 Checking for update using obsidian.md
2024-10-26 04:42:47 Failed to check for update using obsidian.md (net::ERR_INTERNET_DISCONNECTED)
2024-10-26 05:42:47 Checking for update using Github
2024-10-26 05:42:47 Failed to check for update using Github (net::ERR_INTERNET_DISCONNECTED)
2024-10-26 05:42:47 Checking for update using obsidian.md
2024-10-26 05:42:47 Failed to check for update using obsidian.md (net::ERR_INTERNET_DISCONNECTED)
2024-10-26 06:42:47 Checking for update using Github
2024-10-26 06:42:47 Failed to check for update using Github (net::ERR_INTERNET_DISCONNECTED)
2024-10-26 06:42:47 Checking for update using obsidian.md
2024-10-26 06:42:47 Failed to check for update using obsidian.md (net::ERR_INTERNET_DISCONNECTED)
2024-10-26 07:46:26 Loading main app package /usr/lib/obsidian/obsidian.asar
2024-10-26 07:46:26 Checking for update using Github
2024-10-26 07:46:27 Success.
2024-10-26 07:46:27 Latest version is 1.7.4
2024-10-26 07:46:27 App is up to date.
2024-10-26 08:46:26 Checking for update using Github
2024-10-26 08:46:28 Success.
2024-10-26 08:46:28 Latest version is 1.7.4
2024-10-26 08:46:28 App is up to date.
2024-10-27 00:13:54 Checking for update using Github
2024-10-27 00:13:55 Success.
2024-10-27 00:13:55 Latest version is 1.7.4
2024-10-27 00:13:55 App is up to date.
2024-10-27 01:27:29 Loading main app package /usr/lib/obsidian/obsidian.asar
2024-10-27 01:27:29 Checking for update using Github
2024-10-27 01:27:30 Success.
2024-10-27 01:27:30 Latest version is 1.7.4
2024-10-27 01:27:30 App is up to date.
2024-10-28 09:51:07 Loading main app package /usr/lib/obsidian/obsidian.asar
2024-10-28 09:51:07 Checking for update using Github
2024-10-28 09:51:08 Success.
2024-10-28 09:51:08 Latest version is 1.7.4
2024-10-28 09:51:08 App is up to date.
2024-10-29 01:35:56 Checking for update using Github
2024-10-29 01:35:56 Success.
2024-10-29 01:35:56 Latest version is 1.7.4
2024-10-29 01:35:56 App is up to date.
2024-10-29 04:15:12 Checking for update using Github
2024-10-29 04:15:13 Success.
2024-10-29 04:15:13 Latest version is 1.7.4
2024-10-29 04:15:13 App is up to date.
2024-10-29 05:21:15 Checking for update using Github
2024-10-29 05:21:15 Success.
2024-10-29 05:21:15 Latest version is 1.7.4
2024-10-29 05:21:15 App is up to date.
2024-10-29 06:21:15 Checking for update using Github
2024-10-29 06:21:15 Success.
2024-10-29 06:21:15 Latest version is 1.7.4
2024-10-29 06:21:15 App is up to date.
2024-10-29 12:27:20 Checking for update using Github
2024-10-29 12:27:21 Success.
2024-10-29 12:27:21 Latest version is 1.7.4
2024-10-29 12:27:21 App is up to date.
2024-10-29 13:27:20 Checking for update using Github
2024-10-29 13:27:21 Success.
2024-10-29 13:27:21 Latest version is 1.7.4
2024-10-29 13:27:21 App is up to date.
2024-11-09 00:00:04 Loading main app package /usr/lib/obsidian/obsidian.asar
2024-11-09 00:00:04 Checking for update using Github
2024-11-09 00:00:05 Success.
2024-11-09 00:00:05 Latest version is 1.7.5
2024-11-09 00:00:05 App is up to date.
2024-11-09 02:20:46 Checking for update using Github
2024-11-09 02:20:47 Success.
2024-11-09 02:20:47 Latest version is 1.7.5
2024-11-09 02:20:47 App is up to date.
2024-11-09 03:57:55 Checking for update using Github
2024-11-09 03:57:55 Success.
2024-11-09 03:57:55 Latest version is 1.7.5
2024-11-09 03:57:55 App is up to date.
