2024-10-16 09:29:24.043 [info] Added views:outline in workbench.view.explorer
2024-10-16 09:29:24.044 [info] Added views:workbench.view.search in workbench.view.search
2024-10-16 09:29:24.044 [info] Added views:workbench.scm in workbench.view.scm
2024-10-16 09:29:24.044 [info] Added views:workbench.panel.markers.view in workbench.panel.markers
2024-10-16 09:29:24.044 [info] Added views:workbench.panel.output in workbench.panel.output
2024-10-16 09:29:24.044 [info] Added views:terminal in terminal
2024-10-16 09:29:24.044 [info] Added views:timeline in workbench.view.explorer
2024-10-16 09:29:24.044 [info] Added views:workbench.explorer.emptyView in workbench.view.explorer
2024-10-16 09:29:25.491 [info] Added views:workbench.debug.welcome in workbench.view.debug
2024-10-16 09:29:25.617 [info] Added views:workbench.panel.repl.view in workbench.panel.repl
2024-10-16 09:29:25.732 [info] Added views:~remote.forwardedPorts in ~remote.forwardedPortsContainer
2024-10-16 09:29:36.529 [info] Added views:outline in workbench.view.explorer
2024-10-16 09:29:36.529 [info] Added views:workbench.view.search in workbench.view.search
2024-10-16 09:29:36.529 [info] Added views:workbench.scm in workbench.view.scm
2024-10-16 09:29:36.529 [info] Added views:workbench.panel.markers.view in workbench.panel.markers
2024-10-16 09:29:36.529 [info] Added views:workbench.panel.output in workbench.panel.output
2024-10-16 09:29:36.529 [info] Added views:terminal in terminal
2024-10-16 09:29:36.529 [info] Added views:timeline in workbench.view.explorer
2024-10-16 09:29:36.529 [info] Added views:workbench.explorer.fileView in workbench.view.explorer
2024-10-16 09:29:37.211 [info] Added views:workbench.debug.variablesView,workbench.debug.watchExpressionsView,workbench.debug.callStackView,workbench.debug.breakPointsView in workbench.view.debug
2024-10-16 09:29:37.464 [info] Added views:~remote.forwardedPorts in ~remote.forwardedPortsContainer
2024-10-16 09:29:37.688 [info] Added views:workbench.panel.repl.view in workbench.panel.repl
2024-10-16 09:29:37.690 [info] Removed views:workbench.debug.breakPointsView,workbench.debug.callStackView,workbench.debug.watchExpressionsView,workbench.debug.variablesView from workbench.view.debug
2024-10-16 09:29:37.692 [info] Added views:workbench.debug.welcome in workbench.view.debug
2024-10-16 09:29:41.306 [info] Added views:workbench.views.extensions.installed,workbench.views.extensions.popular,extensions.recommendedList in workbench.view.extensions
2024-10-16 09:29:41.315 [info] Removed views:workbench.views.extensions.popular from workbench.view.extensions
2024-10-16 09:29:41.546 [info] Added views:workbench.views.extensions.popular in workbench.view.extensions
2024-10-16 09:29:44.136 [info] Removed views:extensions.recommendedList,workbench.views.extensions.popular,workbench.views.extensions.installed from workbench.view.extensions
2024-10-16 09:29:44.165 [info] Added views:workbench.views.extensions.marketplace in workbench.view.extensions
2024-10-16 09:30:14.180 [info] Added views:workspaceViewer in workbench.view.extension.workspaceViewer
2024-10-16 09:34:22.688 [info] Added views:rHelpPages in workbench.view.extension.workspaceViewer
2024-10-16 09:34:22.728 [info] Added views:rLiveShare in workbench.view.extension.workspaceViewer
