2024-10-30 23:49:34.033 [info] Started local extension host with pid 52729.
2024-10-30 23:49:37.124 [info] [perf] Render performance baseline is 77ms
2024-10-31 00:21:36.010 [error] [network] #2: https://open-vsx.org/vscode/gallery/extensionquery - error POST Canceled
2024-10-31 00:29:07.048 [error] Extension 'ms-toolsai.jupyter CANNOT USE these API proposals 'notebookDeprecated, notebookMessaging, notebookMime, contribNotebookStaticPreloads, portsAttributes, quickPickSortByLabel, notebookKernelSource, interactiveWindow, quickPickItemTooltip, notebookExecution, notebookCellExecution, notebookVariableProvider'. You MUST start in extension development mode or use the --enable-proposed-api command line flag
2024-10-31 00:29:07.732 [error] [Extension Host] error 00:29:07.730: Jupyter Extension: Error in activating extension, failed in gy [Error: Extension 'ms-toolsai.jupyter' CANNOT use API proposal: notebookKernelSource.
Its package.json#enabledApiProposals-property declares:  but NOT notebookKernelSource.
 The missing proposal MUST be added and you must start in extension development mode or use the following command line switch: --enable-proposed-api ms-toolsai.jupyter
	at H (file:///usr/lib/code/out/vs/workbench/api/node/extensionHostProcess.js:112:16479)
	at Object.createNotebookControllerDetectionTask (file:///usr/lib/code/out/vs/workbench/api/node/extensionHostProcess.js:156:58850)
	at e (/home/distro/.vscode-oss/extensions/ms-toolsai.jupyter-2024.9.1-universal/dist/extension.node.js:299:5110)
	at gy.startRefreshWithoutPython (/home/distro/.vscode-oss/extensions/ms-toolsai.jupyter-2024.9.1-universal/dist/extension.node.js:299:5484)
	at gy.activate (/home/distro/.vscode-oss/extensions/ms-toolsai.jupyter-2024.9.1-universal/dist/extension.node.js:299:4709)
	at /home/distro/.vscode-oss/extensions/ms-toolsai.jupyter-2024.9.1-universal/dist/extension.node.js:373:28494
	at Array.map (<anonymous>)
	at nI.activate (/home/distro/.vscode-oss/extensions/ms-toolsai.jupyter-2024.9.1-universal/dist/extension.node.js:373:28480)
	at _G (/home/distro/.vscode-oss/extensions/ms-toolsai.jupyter-2024.9.1-universal/dist/extension.node.js:436:2110)
	at async the (/home/distro/.vscode-oss/extensions/ms-toolsai.jupyter-2024.9.1-universal/dist/extension.node.js:438:454)]
2024-10-31 00:29:07.734 [error] [Extension Host] error 00:29:07.733: Jupyter Extension: Error in activating extension, failed in Qy [Error: Extension 'ms-toolsai.jupyter' CANNOT use API proposal: notebookKernelSource.
Its package.json#enabledApiProposals-property declares:  but NOT notebookKernelSource.
 The missing proposal MUST be added and you must start in extension development mode or use the following command line switch: --enable-proposed-api ms-toolsai.jupyter
	at H (file:///usr/lib/code/out/vs/workbench/api/node/extensionHostProcess.js:112:16479)
	at Object.registerKernelSourceActionProvider (file:///usr/lib/code/out/vs/workbench/api/node/extensionHostProcess.js:156:58972)
	at Qy.activate (/home/distro/.vscode-oss/extensions/ms-toolsai.jupyter-2024.9.1-universal/dist/extension.node.js:304:116342)
	at /home/distro/.vscode-oss/extensions/ms-toolsai.jupyter-2024.9.1-universal/dist/extension.node.js:373:28494
	at Array.map (<anonymous>)
	at nI.activate (/home/distro/.vscode-oss/extensions/ms-toolsai.jupyter-2024.9.1-universal/dist/extension.node.js:373:28480)
	at _G (/home/distro/.vscode-oss/extensions/ms-toolsai.jupyter-2024.9.1-universal/dist/extension.node.js:436:2110)
	at async the (/home/distro/.vscode-oss/extensions/ms-toolsai.jupyter-2024.9.1-universal/dist/extension.node.js:438:454)]
2024-10-31 00:32:48.013 [error] Extension 'ms-python.python CANNOT USE these API proposals 'contribEditorContentMenu, quickPickSortByLabel, testObserver, quickPickItemTooltip, terminalDataWriteEvent, terminalExecuteCommandEvent, contribIssueReporter, codeActionAI, notebookReplDocument, notebookVariableProvider'. You MUST start in extension development mode or use the --enable-proposed-api command line flag
2024-10-31 00:32:48.013 [error] Extension 'ms-python.debugpy CANNOT USE these API proposals 'portsAttributes, contribIssueReporter, debugVisualization, contribViewsWelcome'. You MUST start in extension development mode or use the --enable-proposed-api command line flag
2024-10-31 00:32:48.030 [error] [ms-python.debugpy]: issue/reporter is a proposed menu identifier. It requires 'package.json#enabledApiProposals: ["contribIssueReporter"]' and is only available when running out of dev or with the following command line switch: --enable-proposed-api ms-python.debugpy
2024-10-31 00:32:48.030 [error] [ms-python.python]: issue/reporter is a proposed menu identifier. It requires 'package.json#enabledApiProposals: ["contribIssueReporter"]' and is only available when running out of dev or with the following command line switch: --enable-proposed-api ms-python.python
2024-10-31 00:32:48.030 [error] [ms-python.python]: editor/content is a proposed menu identifier. It requires 'package.json#enabledApiProposals: ["contribEditorContentMenu"]' and is only available when running out of dev or with the following command line switch: --enable-proposed-api ms-python.python
2024-10-31 00:32:48.740 [error] spawn /home/distro/.vscode-oss/extensions/ms-python.python-2024.16.1-universal/python-env-tools/bin/pet ENOENT: Error: spawn /home/distro/.vscode-oss/extensions/ms-python.python-2024.16.1-universal/python-env-tools/bin/pet ENOENT
	at ChildProcess._handle.onexit (node:internal/child_process:286:19)
	at onErrorNT (node:internal/child_process:484:16)
	at process.processTicksAndRejections (node:internal/process/task_queues:82:21)
2024-10-31 09:29:29.535 [error] Error: net::ERR_INTERNET_DISCONNECTED
    at SimpleURLLoaderWrapper.<anonymous> (node:electron/js2c/utility_init:2:10266)
    at SimpleURLLoaderWrapper.emit (node:events:519:28)
2024-10-31 09:29:29.606 [error] net::ERR_INTERNET_DISCONNECTED: Error: net::ERR_INTERNET_DISCONNECTED
    at SimpleURLLoaderWrapper.<anonymous> (node:electron/js2c/utility_init:2:10266)
    at SimpleURLLoaderWrapper.emit (node:events:519:28)
