2024-10-30 23:49:33.693 [info] Added views:outline in workbench.view.explorer
2024-10-30 23:49:33.693 [info] Added views:workbench.view.search in workbench.view.search
2024-10-30 23:49:33.693 [info] Added views:workbench.scm in workbench.view.scm
2024-10-30 23:49:33.693 [info] Added views:workbench.panel.markers.view in workbench.panel.markers
2024-10-30 23:49:33.693 [info] Added views:workbench.panel.output in workbench.panel.output
2024-10-30 23:49:33.693 [info] Added views:terminal in terminal
2024-10-30 23:49:33.693 [info] Added views:timeline in workbench.view.explorer
2024-10-30 23:49:33.693 [info] Added views:workbench.explorer.fileView in workbench.view.explorer
2024-10-30 23:49:33.990 [info] Added views:workbench.debug.welcome in workbench.view.debug
2024-10-30 23:49:35.212 [info] Added views:workspaceViewer in workbench.view.extension.workspaceViewer
2024-10-30 23:49:35.436 [info] Added views:workbench.panel.repl.view in workbench.panel.repl
2024-10-30 23:49:35.984 [info] Added views:rHelpPages in workbench.view.extension.workspaceViewer
2024-10-30 23:49:36.059 [info] Added views:rLiveShare in workbench.view.extension.workspaceViewer
2024-10-30 23:49:36.449 [info] Added views:~remote.forwardedPorts in ~remote.forwardedPortsContainer
2024-10-31 00:21:33.361 [info] Added views:workbench.views.extensions.installed,workbench.views.extensions.popular,extensions.recommendedList in workbench.view.extensions
2024-10-31 00:21:33.368 [info] Removed views:workbench.views.extensions.popular from workbench.view.extensions
2024-10-31 00:21:35.527 [info] Removed views:extensions.recommendedList,workbench.views.extensions.installed from workbench.view.extensions
2024-10-31 00:21:35.536 [info] Added views:workbench.views.extensions.marketplace in workbench.view.extensions
2024-10-31 00:21:35.991 [info] Removed views:workbench.views.extensions.marketplace from workbench.view.extensions
2024-10-31 00:21:36.007 [info] Added views:workbench.views.extensions.installed,extensions.recommendedList in workbench.view.extensions
2024-10-31 00:21:37.960 [info] Removed views:extensions.recommendedList,workbench.views.extensions.installed from workbench.view.extensions
2024-10-31 00:21:37.967 [info] Added views:workbench.views.extensions.marketplace in workbench.view.extensions
2024-10-31 00:21:52.000 [info] Removed views:workbench.views.extensions.marketplace from workbench.view.extensions
2024-10-31 00:21:52.059 [info] Added views:workbench.views.extensions.installed,extensions.recommendedList in workbench.view.extensions
2024-10-31 00:21:57.343 [info] Removed views:extensions.recommendedList,workbench.views.extensions.installed from workbench.view.extensions
2024-10-31 00:21:57.417 [info] Added views:workbench.views.extensions.marketplace in workbench.view.extensions
2024-10-31 00:29:07.772 [info] Added views:jupyterViewVariables,cell-tag in workbench.view.extension.jupyter-variables
2024-10-31 00:32:48.775 [info] Added views:workbench.view.testing in workbench.view.extension.test
