2024-10-31 09:41:40.093 [warning] Dir "/home/distro/Documents/codsht/R/.pixi/envs" is not watchable (directory does not exist)
2024-10-31 09:41:40.093 [info] Default formatter is set to null for workspace /home/distro/Documents/codsht/R
2024-10-31 09:41:40.093 [error] Unable to check if shell integration is active [Error: Extension 'ms-python.python' CANNOT use API proposal: terminalDataWriteEvent.
Its package.json#enabledApiProposals-property declares:  but NOT terminalDataWriteEvent.
 The missing proposal MUST be added and you must start in extension development mode or use the following command line switch: --enable-proposed-api ms-python.python
	at H (file:///usr/lib/code/out/vs/workbench/api/node/extensionHostProcess.js:112:16479)
	at a.onDidWriteTerminalData (file:///usr/lib/code/out/vs/workbench/api/node/extensionHostProcess.js:156:45894)
	at new v (/home/distro/.vscode-oss/extensions/ms-python.python-2024.16.1-universal/out/client/extension.js:2:911828)
	at me (/home/distro/.vscode-oss/extensions/ms-python.python-2024.16.1-universal/out/client/extension.js:2:1761402)
	at /home/distro/.vscode-oss/extensions/ms-python.python-2024.16.1-universal/out/client/extension.js:2:1764766
	at /home/distro/.vscode-oss/extensions/ms-python.python-2024.16.1-universal/out/client/extension.js:2:1764794
	at Se (/home/distro/.vscode-oss/extensions/ms-python.python-2024.16.1-universal/out/client/extension.js:2:1764861)
	at /home/distro/.vscode-oss/extensions/ms-python.python-2024.16.1-universal/out/client/extension.js:2:1765341
	at we (/home/distro/.vscode-oss/extensions/ms-python.python-2024.16.1-universal/out/client/extension.js:2:1765282)
	at Pe (/home/distro/.vscode-oss/extensions/ms-python.python-2024.16.1-universal/out/client/extension.js:2:1765316)
	at /home/distro/.vscode-oss/extensions/ms-python.python-2024.16.1-universal/out/client/extension.js:2:1762555
	at /home/distro/.vscode-oss/extensions/ms-python.python-2024.16.1-universal/out/client/extension.js:2:1764160
	at Array.reduce (<anonymous>)
	at /home/distro/.vscode-oss/extensions/ms-python.python-2024.16.1-universal/out/client/extension.js:2:1764132
	at /home/distro/.vscode-oss/extensions/ms-python.python-2024.16.1-universal/out/client/extension.js:2:1764414
	at /home/distro/.vscode-oss/extensions/ms-python.python-2024.16.1-universal/out/client/extension.js:2:1764794
	at Se (/home/distro/.vscode-oss/extensions/ms-python.python-2024.16.1-universal/out/client/extension.js:2:1764861)
	at /home/distro/.vscode-oss/extensions/ms-python.python-2024.16.1-universal/out/client/extension.js:2:1765341
	at we (/home/distro/.vscode-oss/extensions/ms-python.python-2024.16.1-universal/out/client/extension.js:2:1765282)
	at Pe (/home/distro/.vscode-oss/extensions/ms-python.python-2024.16.1-universal/out/client/extension.js:2:1765316)
	at /home/distro/.vscode-oss/extensions/ms-python.python-2024.16.1-universal/out/client/extension.js:2:1762555
	at /home/distro/.vscode-oss/extensions/ms-python.python-2024.16.1-universal/out/client/extension.js:2:1792225
	at /home/distro/.vscode-oss/extensions/ms-python.python-2024.16.1-universal/out/client/extension.js:2:1792246
	at e._get (/home/distro/.vscode-oss/extensions/ms-python.python-2024.16.1-universal/out/client/extension.js:2:1791259)
	at e._getButThrowIfAsync (/home/distro/.vscode-oss/extensions/ms-python.python-2024.16.1-universal/out/client/extension.js:2:1791319)
	at e.get (/home/distro/.vscode-oss/extensions/ms-python.python-2024.16.1-universal/out/client/extension.js:2:1787028)
	at e.dynamicValue (/home/distro/.vscode-oss/extensions/ms-python.python-2024.16.1-universal/out/client/extension.js:2:1776761)
	at /home/distro/.vscode-oss/extensions/ms-python.python-2024.16.1-universal/out/client/extension.js:2:1762938
	at Ee (/home/distro/.vscode-oss/extensions/ms-python.python-2024.16.1-universal/out/client/extension.js:2:1763194)
	at Se (/home/distro/.vscode-oss/extensions/ms-python.python-2024.16.1-universal/out/client/extension.js:2:1764910)
	at /home/distro/.vscode-oss/extensions/ms-python.python-2024.16.1-universal/out/client/extension.js:2:1765341
	at we (/home/distro/.vscode-oss/extensions/ms-python.python-2024.16.1-universal/out/client/extension.js:2:1765282)
	at Pe (/home/distro/.vscode-oss/extensions/ms-python.python-2024.16.1-universal/out/client/extension.js:2:1765316)
	at /home/distro/.vscode-oss/extensions/ms-python.python-2024.16.1-universal/out/client/extension.js:2:1762555
	at /home/distro/.vscode-oss/extensions/ms-python.python-2024.16.1-universal/out/client/extension.js:2:1762489
	at Array.map (<anonymous>)
	at /home/distro/.vscode-oss/extensions/ms-python.python-2024.16.1-universal/out/client/extension.js:2:1762460
	at /home/distro/.vscode-oss/extensions/ms-python.python-2024.16.1-universal/out/client/extension.js:2:1764160
	at Array.reduce (<anonymous>)
	at /home/distro/.vscode-oss/extensions/ms-python.python-2024.16.1-universal/out/client/extension.js:2:1764132
	at /home/distro/.vscode-oss/extensions/ms-python.python-2024.16.1-universal/out/client/extension.js:2:1764414
	at /home/distro/.vscode-oss/extensions/ms-python.python-2024.16.1-universal/out/client/extension.js:2:1764794
	at Se (/home/distro/.vscode-oss/extensions/ms-python.python-2024.16.1-universal/out/client/extension.js:2:1764861)
	at /home/distro/.vscode-oss/extensions/ms-python.python-2024.16.1-universal/out/client/extension.js:2:1765341
	at we (/home/distro/.vscode-oss/extensions/ms-python.python-2024.16.1-universal/out/client/extension.js:2:1765282)
	at Pe (/home/distro/.vscode-oss/extensions/ms-python.python-2024.16.1-universal/out/client/extension.js:2:1765316)
	at /home/distro/.vscode-oss/extensions/ms-python.python-2024.16.1-universal/out/client/extension.js:2:1762555
	at /home/distro/.vscode-oss/extensions/ms-python.python-2024.16.1-universal/out/client/extension.js:2:1792225
	at /home/distro/.vscode-oss/extensions/ms-python.python-2024.16.1-universal/out/client/extension.js:2:1792246
	at e._get (/home/distro/.vscode-oss/extensions/ms-python.python-2024.16.1-universal/out/client/extension.js:2:1791259)
	at e._getButThrowIfAsync (/home/distro/.vscode-oss/extensions/ms-python.python-2024.16.1-universal/out/client/extension.js:2:1791319)
	at e.get (/home/distro/.vscode-oss/extensions/ms-python.python-2024.16.1-universal/out/client/extension.js:2:1787028)
	at a.get (/home/distro/.vscode-oss/extensions/ms-python.python-2024.16.1-universal/out/client/extension.js:2:525708)
	at /home/distro/.vscode-oss/extensions/ms-python.python-2024.16.1-universal/out/client/extension.js:2:441541
	at async t.activateComponents (/home/distro/.vscode-oss/extensions/ms-python.python-2024.16.1-universal/out/client/extension.js:2:439784)
	at async /home/distro/.vscode-oss/extensions/ms-python.python-2024.16.1-universal/out/client/extension.js:2:2718965
	at async e (/home/distro/.vscode-oss/extensions/ms-python.python-2024.16.1-universal/out/client/extension.js:2:2718497)
	at async x0.n (file:///usr/lib/code/out/vs/workbench/api/node/extensionHostProcess.js:114:4450)
	at async x0.m (file:///usr/lib/code/out/vs/workbench/api/node/extensionHostProcess.js:114:4413)
	at async x0.l (file:///usr/lib/code/out/vs/workbench/api/node/extensionHostProcess.js:114:3869)]
2024-10-31 09:41:40.093 [info] Starting Environment refresh
2024-10-31 09:41:40.093 [info] Searching for interpreters in posix paths locator
2024-10-31 09:41:40.093 [info] Searching for pyenv environments
2024-10-31 09:41:40.093 [info] Searching for conda environments
2024-10-31 09:41:40.093 [info] Searching for global virtual environments
2024-10-31 09:41:40.093 [info] Searching for custom virtual environments
2024-10-31 09:41:40.093 [info] pyenv is not installed
2024-10-31 09:41:40.093 [info] Finished searching for pyenv environments: 38 milliseconds
2024-10-31 09:41:40.093 [info] Finished searching for custom virtual envs: 38 milliseconds
2024-10-31 09:41:40.093 [info] > conda info --json
2024-10-31 09:41:40.093 [info] > pixi --version
2024-10-31 09:41:40.093 [info] > hatch env show --json
2024-10-31 09:41:40.093 [info] cwd: .
2024-10-31 09:41:40.093 [info] Python interpreter path: /bin/python
2024-10-31 09:41:40.093 [info] Finished searching for global virtual envs: 180 milliseconds
2024-10-31 09:41:40.100 [info] > pyenv which python
2024-10-31 09:41:40.100 [info] cwd: .
2024-10-31 09:41:40.116 [info] Found: /bin/python --> /bin/python3.12
2024-10-31 09:41:40.131 [info] Found: /bin/python3 --> /bin/python3.12
2024-10-31 09:41:40.134 [error] [
  'Failed to activate a workspace, Class name = v, completed in 290ms, has a falsy return value, Arg 1: <Uri:/home/distro/Downloads/Telegram Desktop/3_oleg.ipynb>, Arg 2: {"started":1730331699594}, Return Value: undefined',
  [Error: Extension 'ms-python.python' CANNOT use API proposal: testObserver.
  Its package.json#enabledApiProposals-property declares:  but NOT testObserver.
   The missing proposal MUST be added and you must start in extension development mode or use the following command line switch: --enable-proposed-api ms-python.python
  	at H (file:///usr/lib/code/out/vs/workbench/api/node/extensionHostProcess.js:112:16479)
  	at get testResults (file:///usr/lib/code/out/vs/workbench/api/node/extensionHostProcess.js:156:39221)
  	at C.activate (/home/distro/.vscode-oss/extensions/ms-python.python-2024.16.1-universal/out/client/extension.js:2:947691)
  	at /home/distro/.vscode-oss/extensions/ms-python.python-2024.16.1-universal/out/client/extension.js:2:2457
  	at Array.map (<anonymous>)
  	at v.activateWorkspace (/home/distro/.vscode-oss/extensions/ms-python.python-2024.16.1-universal/out/client/extension.js:2:2447)]
]
2024-10-31 09:41:40.134 [error] Failure during activation. [Error: Extension 'ms-python.python' CANNOT use API proposal: testObserver.
Its package.json#enabledApiProposals-property declares:  but NOT testObserver.
 The missing proposal MUST be added and you must start in extension development mode or use the following command line switch: --enable-proposed-api ms-python.python
	at H (file:///usr/lib/code/out/vs/workbench/api/node/extensionHostProcess.js:112:16479)
	at get testResults (file:///usr/lib/code/out/vs/workbench/api/node/extensionHostProcess.js:156:39221)
	at C.activate (/home/distro/.vscode-oss/extensions/ms-python.python-2024.16.1-universal/out/client/extension.js:2:947691)
	at /home/distro/.vscode-oss/extensions/ms-python.python-2024.16.1-universal/out/client/extension.js:2:2457
	at Array.map (<anonymous>)
	at v.activateWorkspace (/home/distro/.vscode-oss/extensions/ms-python.python-2024.16.1-universal/out/client/extension.js:2:2447)]
2024-10-31 09:41:40.134 [error] sendStartupTelemetry() failed. [Error: Extension 'ms-python.python' CANNOT use API proposal: testObserver.
Its package.json#enabledApiProposals-property declares:  but NOT testObserver.
 The missing proposal MUST be added and you must start in extension development mode or use the following command line switch: --enable-proposed-api ms-python.python
	at H (file:///usr/lib/code/out/vs/workbench/api/node/extensionHostProcess.js:112:16479)
	at get testResults (file:///usr/lib/code/out/vs/workbench/api/node/extensionHostProcess.js:156:39221)
	at C.activate (/home/distro/.vscode-oss/extensions/ms-python.python-2024.16.1-universal/out/client/extension.js:2:947691)
	at /home/distro/.vscode-oss/extensions/ms-python.python-2024.16.1-universal/out/client/extension.js:2:2457
	at Array.map (<anonymous>)
	at v.activateWorkspace (/home/distro/.vscode-oss/extensions/ms-python.python-2024.16.1-universal/out/client/extension.js:2:2447)]
2024-10-31 09:41:40.137 [info] Found: /bin/python3.12 --> /bin/python3.12
2024-10-31 09:41:40.261 [info] > /bin/python -I ~/.vscode-oss/extensions/ms-python.python-2024.16.1-universal/python_files/get_output_via_markers.py ~/.vscode-oss/extensions/ms-python.python-2024.16.1-universal/python_files/interpreterInfo.py
2024-10-31 09:41:40.261 [info] Found: /sbin/python --> /sbin/python3.12
2024-10-31 09:41:40.262 [info] Found: /sbin/python3 --> /sbin/python3.12
2024-10-31 09:41:40.262 [info] Found: /sbin/python3.12 --> /sbin/python3.12
2024-10-31 09:41:40.291 [info] Found: /usr/bin/python --> /usr/bin/python3.12
2024-10-31 09:41:40.293 [info] Found: /usr/bin/python3 --> /usr/bin/python3.12
2024-10-31 09:41:40.295 [info] Found: /usr/bin/python3.12 --> /usr/bin/python3.12
2024-10-31 09:41:40.385 [info] Found: /usr/sbin/python --> /usr/sbin/python3.12
2024-10-31 09:41:40.393 [info] Found: /usr/sbin/python3 --> /usr/sbin/python3.12
2024-10-31 09:41:40.394 [info] Found: /usr/sbin/python3.12 --> /usr/sbin/python3.12
2024-10-31 09:41:40.438 [info] > /sbin/python -I ~/.vscode-oss/extensions/ms-python.python-2024.16.1-universal/python_files/get_output_via_markers.py ~/.vscode-oss/extensions/ms-python.python-2024.16.1-universal/python_files/interpreterInfo.py
2024-10-31 09:41:40.482 [info] Finished searching for interpreters in posix paths locator: 583 milliseconds
2024-10-31 09:41:40.482 [info] > /usr/bin/python -I ~/.vscode-oss/extensions/ms-python.python-2024.16.1-universal/python_files/get_output_via_markers.py ~/.vscode-oss/extensions/ms-python.python-2024.16.1-universal/python_files/interpreterInfo.py
2024-10-31 09:41:40.529 [info] Environments refresh paths discovered (event): 644 milliseconds
2024-10-31 09:41:40.529 [info] Environments refresh paths discovered: 644 milliseconds
2024-10-31 09:41:40.565 [info] > /usr/sbin/python -I ~/.vscode-oss/extensions/ms-python.python-2024.16.1-universal/python_files/get_output_via_markers.py ~/.vscode-oss/extensions/ms-python.python-2024.16.1-universal/python_files/interpreterInfo.py
2024-10-31 09:41:40.658 [info] Environments refresh finished (event): 773 milliseconds
2024-10-31 09:41:40.670 [info] Environment refresh took 786 milliseconds
2024-10-31 09:41:41.490 [info] Starting Jedi language server for R.
2024-10-31 09:42:00.476 [info] CreateEnv Trigger - Skipping for /home/distro/Documents/codsht/R/1.py
2024-10-31 09:42:00.716 [info] Discover tests for workspace name: R - uri: /home/distro/Documents/codsht/R/1.py
