2024-10-16 09:00:53.082 [info] Added views:outline in workbench.view.explorer
2024-10-16 09:00:53.083 [info] Added views:workbench.view.search in workbench.view.search
2024-10-16 09:00:53.083 [info] Added views:workbench.scm in workbench.view.scm
2024-10-16 09:00:53.083 [info] Added views:workbench.panel.markers.view in workbench.panel.markers
2024-10-16 09:00:53.083 [info] Added views:workbench.panel.output in workbench.panel.output
2024-10-16 09:00:53.083 [info] Added views:terminal in terminal
2024-10-16 09:00:53.083 [info] Added views:timeline in workbench.view.explorer
2024-10-16 09:00:53.083 [info] Added views:workbench.explorer.emptyView in workbench.view.explorer
2024-10-16 09:00:53.764 [info] Added views:workbench.debug.welcome in workbench.view.debug
2024-10-16 09:00:54.360 [info] Added views:workbench.panel.repl.view in workbench.panel.repl
2024-10-16 09:00:54.397 [info] Added views:~remote.forwardedPorts in ~remote.forwardedPortsContainer
2024-10-16 09:00:55.541 [info] Added views:workbench.views.extensions.installed,workbench.views.extensions.popular,extensions.recommendedList in workbench.view.extensions
2024-10-16 09:00:55.551 [info] Removed views:workbench.views.extensions.popular from workbench.view.extensions
2024-10-16 09:00:55.924 [info] Added views:workbench.views.extensions.popular in workbench.view.extensions
2024-10-16 09:03:21.920 [info] Removed views:extensions.recommendedList,workbench.views.extensions.popular,workbench.views.extensions.installed from workbench.view.extensions
2024-10-16 09:03:21.933 [info] Added views:workbench.views.extensions.marketplace in workbench.view.extensions
2024-10-16 09:03:36.809 [info] Added views:workspaceViewer in workbench.view.extension.workspaceViewer
2024-10-16 09:04:12.806 [info] Added views:outline in workbench.view.explorer
2024-10-16 09:04:12.806 [info] Added views:workbench.view.search in workbench.view.search
2024-10-16 09:04:12.806 [info] Added views:workbench.scm in workbench.view.scm
2024-10-16 09:04:12.806 [info] Added views:workbench.panel.markers.view in workbench.panel.markers
2024-10-16 09:04:12.806 [info] Added views:workbench.panel.output in workbench.panel.output
2024-10-16 09:04:12.806 [info] Added views:terminal in terminal
2024-10-16 09:04:12.806 [info] Added views:timeline in workbench.view.explorer
2024-10-16 09:04:12.807 [info] Added views:workbench.explorer.fileView in workbench.view.explorer
2024-10-16 09:04:13.677 [info] Added views:workbench.debug.variablesView,workbench.debug.watchExpressionsView,workbench.debug.callStackView,workbench.debug.breakPointsView in workbench.view.debug
2024-10-16 09:04:13.731 [info] Added views:workbench.panel.repl.view in workbench.panel.repl
2024-10-16 09:04:13.732 [info] Removed views:workbench.debug.breakPointsView,workbench.debug.callStackView,workbench.debug.watchExpressionsView,workbench.debug.variablesView from workbench.view.debug
2024-10-16 09:04:13.733 [info] Added views:workbench.debug.welcome in workbench.view.debug
2024-10-16 09:04:13.943 [info] Added views:~remote.forwardedPorts in ~remote.forwardedPortsContainer
2024-10-16 09:04:18.985 [info] Added views:workspaceViewer in workbench.view.extension.workspaceViewer
2024-10-16 09:10:29.118 [info] Added views:rHelpPages in workbench.view.extension.workspaceViewer
2024-10-16 09:10:29.145 [info] Added views:rLiveShare in workbench.view.extension.workspaceViewer
