2024-10-16 09:00:54.292 [info] Extension host with pid 73243 started
2024-10-16 09:00:54.360 [info] ExtensionService#_doActivateExtension vscode.git-base, startup: true, activationEvent: '*', root cause: vscode.git
2024-10-16 09:00:54.375 [info] ExtensionService#_doActivateExtension vscode.git, startup: true, activationEvent: '*'
2024-10-16 09:00:54.514 [info] ExtensionService#_doActivateExtension vscode.github, startup: true, activationEvent: '*'
2024-10-16 09:00:54.747 [info] Eager extensions activated
2024-10-16 09:00:54.801 [info] ExtensionService#_doActivateExtension vscode.debug-auto-launch, startup: false, activationEvent: 'onStartupFinished'
2024-10-16 09:00:54.803 [info] ExtensionService#_doActivateExtension vscode.merge-conflict, startup: false, activationEvent: 'onStartupFinished'
2024-10-16 09:00:55.779 [info] ExtensionService#_doActivateExtension vscode.emmet, startup: false, activationEvent: 'onLanguage'
2024-10-16 09:04:12.180 [info] Extension host terminating: renderer closed the MessagePort
2024-10-16 09:04:12.196 [info] Extension host with pid 73243 exiting with code 0
2024-10-16 09:04:13.682 [info] Extension host with pid 73696 started
2024-10-16 09:04:13.682 [info] Skipping acquiring lock for /home/distro/.config/Code/User/workspaceStorage/c78de6dcdec1764d3d519baaaea9e750.
2024-10-16 09:04:13.741 [info] ExtensionService#_doActivateExtension vscode.git-base, startup: true, activationEvent: '*'
2024-10-16 09:04:13.763 [info] ExtensionService#_doActivateExtension vscode.github, startup: true, activationEvent: '*'
2024-10-16 09:04:13.856 [info] Eager extensions activated
2024-10-16 09:04:13.879 [info] ExtensionService#_doActivateExtension vscode.debug-auto-launch, startup: false, activationEvent: 'onStartupFinished'
2024-10-16 09:04:13.882 [info] ExtensionService#_doActivateExtension vscode.merge-conflict, startup: false, activationEvent: 'onStartupFinished'
2024-10-16 09:04:19.013 [info] ExtensionService#_doActivateExtension vscode.git, startup: false, activationEvent: 'api', root cause: vscode.github
2024-10-16 09:10:28.917 [info] ExtensionService#_doActivateExtension REditorSupport.r, startup: false, activationEvent: 'onCommand:r.newFileDocument'
2024-10-16 09:10:29.263 [info] ExtensionService#_doActivateExtension vscode.emmet, startup: false, activationEvent: 'onLanguage'
2024-10-16 09:10:30.557 [error] Error: Client is not running and can't be stopped. It's current state is: starting
	at b.shutdown (/home/distro/.vscode/extensions/reditorsupport.r-2.8.4/dist/extension.js:2:541057)
	at b.stop (/home/distro/.vscode/extensions/reditorsupport.r-2.8.4/dist/extension.js:2:540638)
	at b.stop (/home/distro/.vscode/extensions/reditorsupport.r-2.8.4/dist/extension.js:2:707036)
	at ChildProcess.<anonymous> (/home/distro/.vscode/extensions/reditorsupport.r-2.8.4/dist/extension.js:2:348078)
	at ChildProcess.emit (node:events:531:35)
	at ChildProcess._handle.onexit (node:internal/child_process:294:12)
2024-10-16 09:10:40.791 [info] ExtensionService#_doActivateExtension vscode.npm, startup: false, activationEvent: 'onTerminalQuickFixRequest:ms-vscode.npm-command'
2024-10-16 09:10:45.452 [info] Extension host terminating: renderer closed the MessagePort
2024-10-16 09:10:45.477 [info] Extension host with pid 73696 exiting with code 0
