2024-10-31 09:41:35.909 [info] Started local extension host with pid 68416.
2024-10-31 09:41:36.662 [error] Extension 'ms-python.debugpy CANNOT USE these API proposals 'portsAttributes, contribIssueReporter, debugVisualization, contribViewsWelcome'. You MUST start in extension development mode or use the --enable-proposed-api command line flag
2024-10-31 09:41:36.663 [error] Extension 'ms-python.python CANNOT USE these API proposals 'contribEditorContentMenu, quickPickSortByLabel, testObserver, quickPickItemTooltip, terminalDataWriteEvent, terminalExecuteCommandEvent, contribIssueReporter, codeActionAI, notebookReplDocument, notebookVariableProvider'. You MUST start in extension development mode or use the --enable-proposed-api command line flag
2024-10-31 09:41:36.663 [error] Extension 'ms-toolsai.jupyter CANNOT USE these API proposals 'notebookDeprecated, notebookMessaging, notebookMime, contribNotebookStaticPreloads, portsAttributes, quickPickSortByLabel, notebookKernelSource, interactiveWindow, quickPickItemTooltip, notebookExecution, notebookCellExecution, notebookVariableProvider'. You MUST start in extension development mode or use the --enable-proposed-api command line flag
2024-10-31 09:41:36.710 [error] [ms-python.debugpy]: issue/reporter is a proposed menu identifier. It requires 'package.json#enabledApiProposals: ["contribIssueReporter"]' and is only available when running out of dev or with the following command line switch: --enable-proposed-api ms-python.debugpy
2024-10-31 09:41:36.713 [error] [ms-python.python]: issue/reporter is a proposed menu identifier. It requires 'package.json#enabledApiProposals: ["contribIssueReporter"]' and is only available when running out of dev or with the following command line switch: --enable-proposed-api ms-python.python
2024-10-31 09:41:36.713 [error] [ms-python.python]: editor/content is a proposed menu identifier. It requires 'package.json#enabledApiProposals: ["contribEditorContentMenu"]' and is only available when running out of dev or with the following command line switch: --enable-proposed-api ms-python.python
2024-10-31 09:41:38.869 [error] [Extension Host] error 09:41:38.651: Jupyter Extension: Error in activating extension, failed in gy [Error: Extension 'ms-toolsai.jupyter' CANNOT use API proposal: notebookKernelSource.
Its package.json#enabledApiProposals-property declares:  but NOT notebookKernelSource.
 The missing proposal MUST be added and you must start in extension development mode or use the following command line switch: --enable-proposed-api ms-toolsai.jupyter
	at H (file:///usr/lib/code/out/vs/workbench/api/node/extensionHostProcess.js:112:16479)
	at Object.createNotebookControllerDetectionTask (file:///usr/lib/code/out/vs/workbench/api/node/extensionHostProcess.js:156:58850)
	at i (/home/distro/.vscode-oss/extensions/ms-toolsai.jupyter-2024.9.1-universal/dist/extension.node.js:299:6231)
	at gy.startRefreshWithPython (/home/distro/.vscode-oss/extensions/ms-toolsai.jupyter-2024.9.1-universal/dist/extension.node.js:299:6454)
	at gy.activate (/home/distro/.vscode-oss/extensions/ms-toolsai.jupyter-2024.9.1-universal/dist/extension.node.js:299:4678)
	at /home/distro/.vscode-oss/extensions/ms-toolsai.jupyter-2024.9.1-universal/dist/extension.node.js:373:28494
	at Array.map (<anonymous>)
	at nI.activate (/home/distro/.vscode-oss/extensions/ms-toolsai.jupyter-2024.9.1-universal/dist/extension.node.js:373:28480)
	at _G (/home/distro/.vscode-oss/extensions/ms-toolsai.jupyter-2024.9.1-universal/dist/extension.node.js:436:2110)
	at async the (/home/distro/.vscode-oss/extensions/ms-toolsai.jupyter-2024.9.1-universal/dist/extension.node.js:438:454)]
2024-10-31 09:41:38.871 [error] [Extension Host] error 09:41:38.655: Jupyter Extension: Error in activating extension, failed in Qy [Error: Extension 'ms-toolsai.jupyter' CANNOT use API proposal: notebookKernelSource.
Its package.json#enabledApiProposals-property declares:  but NOT notebookKernelSource.
 The missing proposal MUST be added and you must start in extension development mode or use the following command line switch: --enable-proposed-api ms-toolsai.jupyter
	at H (file:///usr/lib/code/out/vs/workbench/api/node/extensionHostProcess.js:112:16479)
	at Object.registerKernelSourceActionProvider (file:///usr/lib/code/out/vs/workbench/api/node/extensionHostProcess.js:156:58972)
	at Qy.activate (/home/distro/.vscode-oss/extensions/ms-toolsai.jupyter-2024.9.1-universal/dist/extension.node.js:304:116342)
	at /home/distro/.vscode-oss/extensions/ms-toolsai.jupyter-2024.9.1-universal/dist/extension.node.js:373:28494
	at Array.map (<anonymous>)
	at nI.activate (/home/distro/.vscode-oss/extensions/ms-toolsai.jupyter-2024.9.1-universal/dist/extension.node.js:373:28480)
	at _G (/home/distro/.vscode-oss/extensions/ms-toolsai.jupyter-2024.9.1-universal/dist/extension.node.js:436:2110)
	at async the (/home/distro/.vscode-oss/extensions/ms-toolsai.jupyter-2024.9.1-universal/dist/extension.node.js:438:454)]
2024-10-31 09:41:39.673 [error] spawn /home/distro/.vscode-oss/extensions/ms-python.python-2024.16.1-universal/python-env-tools/bin/pet ENOENT: Error: spawn /home/distro/.vscode-oss/extensions/ms-python.python-2024.16.1-universal/python-env-tools/bin/pet ENOENT
	at ChildProcess._handle.onexit (node:internal/child_process:286:19)
	at onErrorNT (node:internal/child_process:484:16)
	at process.processTicksAndRejections (node:internal/process/task_queues:82:21)
2024-10-31 09:41:41.399 [info] [perf] Render performance baseline is 68ms
